2026-04-03 08:27:16 - Added job "send_dingding_msg" to job store "default"
2026-04-03 08:27:16 - Scheduler started
2026-04-03 08:27:16 - Looking for jobs to run
2026-04-03 08:27:16 - Next wakeup is due at 2026-04-03 08:30:00+08:00 (in 163.543965 seconds)
2026-04-03 08:27:17 - [31m[1mWARNING: This is a development server. Do not use it in a production deployment. Use a production WSGI server instead.[0m
 * Running on all addresses (0.0.0.0)
 * Running on http://127.0.0.1:5000
 * Running on http://10.101.120.207:5000
2026-04-03 08:27:17 - [33mPress CTRL+C to quit[0m
2026-04-03 08:27:17 -  * Restarting with stat
2026-04-03 08:27:18 - Added job "send_dingding_msg" to job store "default"
2026-04-03 08:27:18 - Scheduler started
2026-04-03 08:27:18 - Looking for jobs to run
2026-04-03 08:27:18 - Next wakeup is due at 2026-04-03 08:30:00+08:00 (in 161.772213 seconds)
2026-04-03 08:27:18 -  * Debugger is active!
2026-04-03 08:27:18 -  * Debugger PIN: 822-020-790
2026-04-03 08:28:19 - 127.0.0.1 - - [03/Apr/2026 08:28:19] "GET / HTTP/1.1" 200 -
2026-04-03 08:28:22 - 127.0.0.1 - - [03/Apr/2026 08:28:22] "GET /input_msg HTTP/1.1" 200 -
2026-04-03 08:30:00 - Looking for jobs to run
2026-04-03 08:30:00 - Looking for jobs to run
2026-04-03 08:30:00 - Running job "send_dingding_msg (trigger: cron[month='*', day='1st fri,4th mon', hour='8', minute='30'], next run at: 2026-04-03 08:30:00 CST)" (scheduled at 2026-04-03 08:30:00+08:00)
2026-04-03 08:30:00 - Next wakeup is due at 2026-04-27 08:30:00+08:00 (in 2073599.984638 seconds)
2026-04-03 08:30:00 - Next wakeup is due at 2026-04-27 08:30:00+08:00 (in 2073599.984375 seconds)
2026-04-03 08:30:00 - Starting new HTTPS connection (1): oapi.dingtalk.com:443
2026-04-03 08:30:00 - Starting new HTTPS connection (1): oapi.dingtalk.com:443
2026-04-03 08:30:00 - https://oapi.dingtalk.com:443 "POST /robot/send?access_token=9deb6a3a80da03eaf261d22684b85dda2bcfa9ce0bffd740af8613606a0ddb3a&timestamp=1775176200015&sign=6FuhXdq6yKncSNznsMKJjxYnJw0wwbe800r15jYgxgg%3D HTTP/1.1" 200 None
2026-04-03 08:30:00 - 钉钉自定义机器人群消息响应：{"errcode":0,"errmsg":"ok"}
2026-04-03 08:30:00 - Job "send_dingding_msg (trigger: cron[month='*', day='1st fri,4th mon', hour='8', minute='30'], next run at: 2026-04-27 08:30:00 CST)" executed successfully
2026-04-03 08:30:00 - https://oapi.dingtalk.com:443 "POST /robot/send?access_token=9deb6a3a80da03eaf261d22684b85dda2bcfa9ce0bffd740af8613606a0ddb3a&timestamp=1775176200015&sign=6FuhXdq6yKncSNznsMKJjxYnJw0wwbe800r15jYgxgg%3D HTTP/1.1" 200 None
2026-04-03 08:30:00 - 钉钉自定义机器人群消息响应：{"errcode":0,"errmsg":"ok"}
2026-04-03 08:30:00 - Job "send_dingding_msg (trigger: cron[month='*', day='1st fri,4th mon', hour='8', minute='30'], next run at: 2026-04-27 08:30:00 CST)" executed successfully
2026-04-03 08:31:08 - 127.0.0.1 - - [03/Apr/2026 08:31:08] "[32mPOST /add HTTP/1.1[0m" 302 -
2026-04-03 08:31:08 - 127.0.0.1 - - [03/Apr/2026 08:31:08] "GET / HTTP/1.1" 200 -
2026-04-03 08:33:39 -  * Detected change in 'H:\\xgcode\\flaskcms\\app.py', reloading
2026-04-03 08:33:40 -  * Restarting with stat
2026-04-03 08:33:40 - Added job "send_dingding_msg" to job store "default"
2026-04-03 08:33:40 - Scheduler started
2026-04-03 08:33:40 - Looking for jobs to run
2026-04-03 08:33:40 - Next wakeup is due at 2026-04-27 08:30:00+08:00 (in 2073379.495333 seconds)
2026-04-03 08:33:40 -  * Debugger is active!
2026-04-03 08:33:40 -  * Debugger PIN: 822-020-790
2026-04-03 08:33:41 -  * Detected change in 'H:\\xgcode\\flaskcms\\app.py', reloading
2026-04-03 08:33:41 -  * Restarting with stat
2026-04-03 08:33:42 - Added job "send_dingding_msg" to job store "default"
2026-04-03 08:33:42 - Scheduler started
2026-04-03 08:33:42 - Looking for jobs to run
2026-04-03 08:33:42 - Next wakeup is due at 2026-04-27 08:30:00+08:00 (in 2073377.988446 seconds)
2026-04-03 08:33:42 -  * Debugger is active!
2026-04-03 08:33:42 -  * Debugger PIN: 822-020-790
2026-04-03 08:33:44 -  * Detected change in 'H:\\xgcode\\flaskcms\\app.py', reloading
2026-04-03 08:33:44 -  * Restarting with stat
2026-04-03 08:33:44 - Added job "send_dingding_msg" to job store "default"
2026-04-03 08:33:44 - Scheduler started
2026-04-03 08:33:44 - Looking for jobs to run
2026-04-03 08:33:44 - Next wakeup is due at 2026-04-27 08:30:00+08:00 (in 2073375.470531 seconds)
2026-04-03 08:33:44 -  * Debugger is active!
2026-04-03 08:33:44 -  * Debugger PIN: 822-020-790
2026-04-03 08:34:08 -  * Detected change in 'H:\\xgcode\\flaskcms\\app.py', reloading
2026-04-03 08:34:08 -  * Restarting with stat
2026-04-03 08:34:09 - Added job "send_dingding_msg" to job store "default"
2026-04-03 08:34:09 - Scheduler started
2026-04-03 08:34:09 - Looking for jobs to run
2026-04-03 08:34:09 - Next wakeup is due at 2026-04-27 08:30:00+08:00 (in 2073350.709388 seconds)
2026-04-03 08:34:09 -  * Debugger is active!
2026-04-03 08:34:09 -  * Debugger PIN: 822-020-790
2026-04-03 08:34:13 -  * Detected change in 'H:\\xgcode\\flaskcms\\app.py', reloading
2026-04-03 08:34:13 -  * Restarting with stat
2026-04-03 08:34:13 - Added job "send_dingding_msg" to job store "default"
2026-04-03 08:34:13 - Scheduler started
2026-04-03 08:34:13 - Looking for jobs to run
2026-04-03 08:34:13 - Next wakeup is due at 2026-04-27 08:30:00+08:00 (in 2073346.155555 seconds)
2026-04-03 08:34:13 -  * Debugger is active!
2026-04-03 08:34:13 -  * Debugger PIN: 822-020-790
2026-04-03 08:34:18 -  * Detected change in 'H:\\xgcode\\flaskcms\\app.py', reloading
2026-04-03 08:34:19 -  * Restarting with stat
2026-04-03 08:34:19 - Added job "send_dingding_msg" to job store "default"
2026-04-03 08:34:19 - Scheduler started
2026-04-03 08:34:19 - Looking for jobs to run
2026-04-03 08:34:19 - Next wakeup is due at 2026-04-27 08:30:00+08:00 (in 2073340.559398 seconds)
2026-04-03 08:34:19 -  * Debugger is active!
2026-04-03 08:34:19 -  * Debugger PIN: 822-020-790
2026-04-03 08:34:21 -  * Detected change in 'H:\\xgcode\\flaskcms\\app.py', reloading
2026-04-03 08:34:21 -  * Restarting with stat
2026-04-03 08:34:21 - Added job "send_dingding_msg" to job store "default"
2026-04-03 08:34:21 - Scheduler started
2026-04-03 08:34:21 - Looking for jobs to run
2026-04-03 08:34:21 - Next wakeup is due at 2026-04-27 08:30:00+08:00 (in 2073338.044403 seconds)
2026-04-03 08:34:21 -  * Debugger is active!
2026-04-03 08:34:21 -  * Debugger PIN: 822-020-790
2026-04-03 08:34:40 -  * Detected change in 'H:\\xgcode\\flaskcms\\app.py', reloading
2026-04-03 08:34:40 -  * Restarting with stat
2026-04-03 08:34:40 - Added job "send_dingding_msg" to job store "default"
2026-04-03 08:34:40 - Scheduler started
2026-04-03 08:34:40 - Looking for jobs to run
2026-04-03 08:34:40 - Next wakeup is due at 2026-04-27 08:30:00+08:00 (in 2073319.368655 seconds)
2026-04-03 08:34:40 -  * Debugger is active!
2026-04-03 08:34:40 -  * Debugger PIN: 822-020-790
2026-04-03 08:34:50 -  * Detected change in 'H:\\xgcode\\flaskcms\\app.py', reloading
2026-04-03 08:34:50 -  * Restarting with stat
2026-04-03 08:34:51 - Added job "send_dingding_msg" to job store "default"
2026-04-03 08:34:51 - Scheduler started
2026-04-03 08:34:51 - Looking for jobs to run
2026-04-03 08:34:51 - Next wakeup is due at 2026-04-27 08:30:00+08:00 (in 2073308.797585 seconds)
2026-04-03 08:34:51 -  * Debugger is active!
2026-04-03 08:34:51 -  * Debugger PIN: 822-020-790
2026-04-03 08:34:58 -  * Detected change in 'H:\\xgcode\\flaskcms\\app.py', reloading
2026-04-03 08:34:58 -  * Restarting with stat
2026-04-03 08:34:58 - Added job "send_dingding_msg" to job store "default"
2026-04-03 08:34:58 - Scheduler started
2026-04-03 08:34:58 - Looking for jobs to run
2026-04-03 08:34:58 - Next wakeup is due at 2026-04-27 08:30:00+08:00 (in 2073301.217246 seconds)
2026-04-03 08:34:58 -  * Debugger is active!
2026-04-03 08:34:58 -  * Debugger PIN: 822-020-790
2026-04-03 08:35:40 -  * Detected change in 'H:\\xgcode\\flaskcms\\app.py', reloading
2026-04-03 08:35:40 -  * Restarting with stat
2026-04-03 08:35:40 - Added job "send_dingding_msg" to job store "default"
2026-04-03 08:35:40 - Scheduler started
2026-04-03 08:35:40 - Looking for jobs to run
2026-04-03 08:35:40 - Next wakeup is due at 2026-04-27 08:30:00+08:00 (in 2073259.411963 seconds)
2026-04-03 08:35:40 -  * Debugger is active!
2026-04-03 08:35:40 -  * Debugger PIN: 822-020-790
2026-04-03 08:35:53 -  * Detected change in 'H:\\xgcode\\flaskcms\\app.py', reloading
2026-04-03 08:35:53 -  * Restarting with stat
2026-04-03 08:35:54 - Added job "send_dingding_msg" to job store "default"
2026-04-03 08:35:54 - Scheduler started
2026-04-03 08:35:54 - Looking for jobs to run
2026-04-03 08:35:54 - Next wakeup is due at 2026-04-27 08:30:00+08:00 (in 2073245.815081 seconds)
2026-04-03 08:35:54 -  * Debugger is active!
2026-04-03 08:35:54 -  * Debugger PIN: 822-020-790
2026-04-03 08:36:09 -  * Detected change in 'H:\\xgcode\\flaskcms\\app.py', reloading
2026-04-03 08:36:09 -  * Restarting with stat
2026-04-03 08:36:09 - Added job "send_dingding_msg" to job store "default"
2026-04-03 08:36:09 - Scheduler started
2026-04-03 08:36:09 - Looking for jobs to run
2026-04-03 08:36:09 - Next wakeup is due at 2026-04-27 08:30:00+08:00 (in 2073230.173608 seconds)
2026-04-03 08:36:09 -  * Debugger is active!
2026-04-03 08:36:09 -  * Debugger PIN: 822-020-790
2026-04-03 08:36:10 -  * Detected change in 'H:\\xgcode\\flaskcms\\app.py', reloading
2026-04-03 08:36:10 -  * Restarting with stat
2026-04-03 08:36:11 - Added job "send_dingding_msg" to job store "default"
2026-04-03 08:36:11 - Scheduler started
2026-04-03 08:36:11 - Looking for jobs to run
2026-04-03 08:36:11 - Next wakeup is due at 2026-04-27 08:30:00+08:00 (in 2073228.589711 seconds)
2026-04-03 08:36:11 -  * Debugger is active!
2026-04-03 08:36:11 -  * Debugger PIN: 822-020-790
2026-04-03 08:36:12 -  * Detected change in 'H:\\xgcode\\flaskcms\\app.py', reloading
2026-04-03 08:36:12 -  * Restarting with stat
2026-04-03 08:36:12 - Added job "send_dingding_msg" to job store "default"
2026-04-03 08:36:12 - Scheduler started
2026-04-03 08:36:12 - Looking for jobs to run
2026-04-03 08:36:12 - Next wakeup is due at 2026-04-27 08:30:00+08:00 (in 2073227.071118 seconds)
2026-04-03 08:36:12 -  * Debugger is active!
2026-04-03 08:36:12 -  * Debugger PIN: 822-020-790
2026-04-03 08:36:18 -  * Detected change in 'H:\\xgcode\\flaskcms\\app.py', reloading
2026-04-03 08:36:19 -  * Restarting with stat
2026-04-03 08:36:19 - Added job "send_dingding_msg" to job store "default"
2026-04-03 08:36:19 - Scheduler started
2026-04-03 08:36:19 - Looking for jobs to run
2026-04-03 08:36:19 - Next wakeup is due at 2026-04-27 08:30:00+08:00 (in 2073220.540545 seconds)
2026-04-03 08:36:19 -  * Debugger is active!
2026-04-03 08:36:19 -  * Debugger PIN: 822-020-790
2026-04-03 08:36:21 -  * Detected change in 'H:\\xgcode\\flaskcms\\app.py', reloading
2026-04-03 08:36:21 -  * Restarting with stat
2026-04-03 08:36:21 - Added job "send_dingding_msg" to job store "default"
2026-04-03 08:36:21 - Scheduler started
2026-04-03 08:36:21 - Looking for jobs to run
2026-04-03 08:36:21 - Next wakeup is due at 2026-04-27 08:30:00+08:00 (in 2073218.024061 seconds)
2026-04-03 08:36:21 -  * Debugger is active!
2026-04-03 08:36:21 -  * Debugger PIN: 822-020-790
2026-04-03 08:36:29 - 127.0.0.1 - - [03/Apr/2026 08:36:29] "GET / HTTP/1.1" 200 -
2026-04-03 08:37:52 -  * Detected change in 'H:\\xgcode\\flaskcms\\app.py', reloading
2026-04-03 08:37:52 -  * Restarting with stat
2026-04-03 08:37:53 - Added job "send_dingding_msg" to job store "default"
2026-04-03 08:37:53 - Scheduler started
2026-04-03 08:37:53 - Looking for jobs to run
2026-04-03 08:37:53 - Next wakeup is due at 2026-04-27 08:30:00+08:00 (in 2073126.940395 seconds)
2026-04-03 08:37:53 -  * Debugger is active!
2026-04-03 08:37:53 -  * Debugger PIN: 822-020-790
2026-04-03 08:38:07 -  * Detected change in 'H:\\xgcode\\flaskcms\\app.py', reloading
2026-04-03 08:38:07 -  * Restarting with stat
2026-04-03 08:38:07 - Added job "send_dingding_msg" to job store "default"
2026-04-03 08:38:07 - Scheduler started
2026-04-03 08:38:07 - Looking for jobs to run
2026-04-03 08:38:07 - Next wakeup is due at 2026-04-27 08:30:00+08:00 (in 2073112.281452 seconds)
2026-04-03 08:38:07 -  * Debugger is active!
2026-04-03 08:38:07 -  * Debugger PIN: 822-020-790
2026-04-03 08:38:09 -  * Detected change in 'H:\\xgcode\\flaskcms\\app.py', reloading
2026-04-03 08:38:09 -  * Restarting with stat
2026-04-03 08:38:10 - Added job "send_dingding_msg" to job store "default"
2026-04-03 08:38:10 - Scheduler started
2026-04-03 08:38:10 - Looking for jobs to run
2026-04-03 08:38:10 - Next wakeup is due at 2026-04-27 08:30:00+08:00 (in 2073109.731308 seconds)
2026-04-03 08:38:10 -  * Debugger is active!
2026-04-03 08:38:10 -  * Debugger PIN: 822-020-790
2026-04-03 08:38:11 -  * Detected change in 'H:\\xgcode\\flaskcms\\app.py', reloading
2026-04-03 08:38:11 -  * Restarting with stat
2026-04-03 08:38:11 - Added job "send_dingding_msg" to job store "default"
2026-04-03 08:38:11 - Scheduler started
2026-04-03 08:38:11 - Looking for jobs to run
2026-04-03 08:38:11 - Next wakeup is due at 2026-04-27 08:30:00+08:00 (in 2073108.210639 seconds)
2026-04-03 08:38:11 -  * Debugger is active!
2026-04-03 08:38:11 -  * Debugger PIN: 822-020-790
2026-04-03 08:38:13 - 127.0.0.1 - - [03/Apr/2026 08:38:13] "GET / HTTP/1.1" 200 -
2026-04-03 08:38:31 -  * Detected change in 'H:\\xgcode\\flaskcms\\app.py', reloading
2026-04-03 08:38:31 -  * Restarting with stat
2026-04-03 08:38:32 - Added job "send_dingding_msg" to job store "default"
2026-04-03 08:38:32 - Scheduler started
2026-04-03 08:38:32 - Looking for jobs to run
2026-04-03 08:38:32 - Next wakeup is due at 2026-04-27 08:30:00+08:00 (in 2073087.579602 seconds)
2026-04-03 08:38:32 -  * Debugger is active!
2026-04-03 08:38:32 -  * Debugger PIN: 822-020-790
2026-04-03 08:38:33 -  * Detected change in 'H:\\xgcode\\flaskcms\\app.py', reloading
2026-04-03 08:38:33 -  * Restarting with stat
2026-04-03 08:38:33 - Added job "send_dingding_msg" to job store "default"
2026-04-03 08:38:33 - Scheduler started
2026-04-03 08:38:33 - Looking for jobs to run
2026-04-03 08:38:33 - Next wakeup is due at 2026-04-27 08:30:00+08:00 (in 2073086.054397 seconds)
2026-04-03 08:38:33 -  * Debugger is active!
2026-04-03 08:38:33 -  * Debugger PIN: 822-020-790
2026-04-03 08:38:34 - 127.0.0.1 - - [03/Apr/2026 08:38:34] "GET / HTTP/1.1" 200 -
2026-04-03 08:38:57 -  * Detected change in 'H:\\xgcode\\flaskcms\\app.py', reloading
2026-04-03 08:38:57 -  * Restarting with stat
2026-04-03 08:38:57 - Added job "send_dingding_msg" to job store "default"
2026-04-03 08:38:57 - Scheduler started
2026-04-03 08:38:57 - Looking for jobs to run
2026-04-03 08:38:57 - Next wakeup is due at 2026-04-27 08:30:00+08:00 (in 2073062.382616 seconds)
2026-04-03 08:38:57 -  * Debugger is active!
2026-04-03 08:38:57 -  * Debugger PIN: 822-020-790
2026-04-03 08:38:59 - 127.0.0.1 - - [03/Apr/2026 08:38:59] "GET / HTTP/1.1" 200 -
2026-04-03 08:39:03 - 127.0.0.1 - - [03/Apr/2026 08:39:03] "GET /edit/3 HTTP/1.1" 200 -
2026-04-03 08:39:14 - 127.0.0.1 - - [03/Apr/2026 08:39:14] "[33mGET /list HTTP/1.1[0m" 404 -
2026-04-03 08:39:58 -  * Detected change in 'H:\\xgcode\\flaskcms\\app.py', reloading
2026-04-03 08:39:58 -  * Restarting with stat
2026-04-03 08:39:58 - Added job "send_dingding_msg" to job store "default"
2026-04-03 08:39:58 - Scheduler started
2026-04-03 08:39:58 - Looking for jobs to run
2026-04-03 08:39:58 - Next wakeup is due at 2026-04-27 08:30:00+08:00 (in 2073001.493817 seconds)
2026-04-03 08:39:58 -  * Debugger is active!
2026-04-03 08:39:58 -  * Debugger PIN: 822-020-790
2026-04-03 08:40:05 - 127.0.0.1 - - [03/Apr/2026 08:40:05] "GET /edit/3 HTTP/1.1" 200 -
2026-04-03 08:40:07 - 127.0.0.1 - - [03/Apr/2026 08:40:07] "GET / HTTP/1.1" 200 -
2026-04-03 08:40:11 - 127.0.0.1 - - [03/Apr/2026 08:40:11] "GET /input_msg HTTP/1.1" 200 -
2026-04-03 08:47:21 - 127.0.0.1 - - [03/Apr/2026 08:47:21] "[32mPOST /add HTTP/1.1[0m" 302 -
2026-04-03 08:47:21 - 127.0.0.1 - - [03/Apr/2026 08:47:21] "GET / HTTP/1.1" 200 -
2026-04-03 08:48:52 -  * Detected change in 'H:\\xgcode\\flaskcms\\app.py', reloading
2026-04-03 08:48:52 -  * Restarting with stat
2026-04-03 08:48:53 - Added job "send_dingding_msg" to job store "default"
2026-04-03 08:48:53 - Scheduler started
2026-04-03 08:48:53 - Looking for jobs to run
2026-04-03 08:48:53 - Next wakeup is due at 2026-04-27 08:30:00+08:00 (in 2072466.995767 seconds)
2026-04-03 08:48:53 -  * Debugger is active!
2026-04-03 08:48:53 -  * Debugger PIN: 822-020-790
2026-04-03 08:49:06 -  * Detected change in 'H:\\xgcode\\flaskcms\\app.py', reloading
2026-04-03 08:49:06 -  * Restarting with stat
2026-04-03 08:49:06 - Added job "send_dingding_msg" to job store "default"
2026-04-03 08:49:06 - Scheduler started
2026-04-03 08:49:06 - Looking for jobs to run
2026-04-03 08:49:06 - Next wakeup is due at 2026-04-27 08:30:00+08:00 (in 2072453.377013 seconds)
2026-04-03 08:49:06 -  * Debugger is active!
2026-04-03 08:49:06 -  * Debugger PIN: 822-020-790
2026-04-03 08:49:11 -  * Detected change in 'H:\\xgcode\\flaskcms\\app.py', reloading
2026-04-03 08:49:11 -  * Restarting with stat
2026-04-03 08:49:12 - Added job "send_dingding_msg" to job store "default"
2026-04-03 08:49:12 - Scheduler started
2026-04-03 08:49:12 - Looking for jobs to run
2026-04-03 08:49:12 - Next wakeup is due at 2026-04-27 08:30:00+08:00 (in 2072447.833828 seconds)
2026-04-03 08:49:12 -  * Debugger is active!
2026-04-03 08:49:12 -  * Debugger PIN: 822-020-790
2026-04-03 08:49:15 -  * Detected change in 'H:\\xgcode\\flaskcms\\app.py', reloading
2026-04-03 08:49:15 -  * Restarting with stat
2026-04-03 08:49:15 - Added job "send_dingding_msg" to job store "default"
2026-04-03 08:49:15 - Scheduler started
2026-04-03 08:49:15 - Looking for jobs to run
2026-04-03 08:49:15 - Next wakeup is due at 2026-04-27 08:30:00+08:00 (in 2072444.315516 seconds)
2026-04-03 08:49:15 -  * Debugger is active!
2026-04-03 08:49:15 -  * Debugger PIN: 822-020-790
2026-04-03 08:49:17 -  * Detected change in 'H:\\xgcode\\flaskcms\\app.py', reloading
2026-04-03 08:49:17 -  * Restarting with stat
2026-04-03 08:49:18 - Added job "send_dingding_msg" to job store "default"
2026-04-03 08:49:18 - Scheduler started
2026-04-03 08:49:18 - Looking for jobs to run
2026-04-03 08:49:18 - Next wakeup is due at 2026-04-27 08:30:00+08:00 (in 2072441.803263 seconds)
2026-04-03 08:49:18 -  * Debugger is active!
2026-04-03 08:49:18 -  * Debugger PIN: 822-020-790
2026-04-03 08:49:26 -  * Detected change in 'H:\\xgcode\\flaskcms\\app.py', reloading
2026-04-03 08:49:26 -  * Restarting with stat
2026-04-03 08:51:12 - Added job "send_dingding_msg" to job store "default"
2026-04-03 08:51:12 - Scheduler started
2026-04-03 08:51:12 - Looking for jobs to run
2026-04-03 08:51:12 - Next wakeup is due at 2026-04-27 08:30:00+08:00 (in 2072327.839591 seconds)
2026-04-03 08:51:13 - [31m[1mWARNING: This is a development server. Do not use it in a production deployment. Use a production WSGI server instead.[0m
 * Running on all addresses (0.0.0.0)
 * Running on http://127.0.0.1:5000
 * Running on http://10.101.120.207:5000
2026-04-03 08:51:13 - [33mPress CTRL+C to quit[0m
2026-04-03 08:51:13 -  * Restarting with stat
2026-04-03 08:51:13 - Added job "send_dingding_msg" to job store "default"
2026-04-03 08:51:13 - Scheduler started
2026-04-03 08:51:13 - Looking for jobs to run
2026-04-03 08:51:13 - Next wakeup is due at 2026-04-27 08:30:00+08:00 (in 2072326.133418 seconds)
2026-04-03 08:51:13 -  * Debugger is active!
2026-04-03 08:51:13 -  * Debugger PIN: 822-020-790
2026-04-03 08:51:15 - Starting new HTTPS connection (1): oapi.dingtalk.com:443
2026-04-03 08:51:15 - https://oapi.dingtalk.com:443 "POST /robot/send?access_token=9deb6a3a80da03eaf261d22684b85dda2bcfa9ce0bffd740af8613606a0ddb3a&timestamp=1775177475082&sign=UbzMHij6ynf7Br3MQr50UMhsvY3U0aHYyn5tl%2FLOgVE%3D HTTP/1.1" 200 None
2026-04-03 08:51:15 - 钉钉自定义机器人群消息响应：{"errcode":0,"errmsg":"ok"}
2026-04-03 08:51:15 - 127.0.0.1 - - [03/Apr/2026 08:51:15] "GET /dingtalk HTTP/1.1" 200 -
2026-04-03 09:01:41 - 127.0.0.1 - - [03/Apr/2026 09:01:41] "GET / HTTP/1.1" 200 -
2026-04-03 09:41:16 - 127.0.0.1 - - [03/Apr/2026 09:41:16] "GET /input_msg HTTP/1.1" 200 -
2026-04-03 10:43:20 -  * Detected change in 'H:\\xgcode\\flaskcms\\app.py', reloading
2026-04-03 10:43:20 -  * Restarting with stat
2026-04-03 10:43:21 - Added job "send_dingding_msg" to job store "default"
2026-04-03 10:43:21 - Scheduler started
2026-04-03 10:43:21 - Looking for jobs to run
2026-04-03 10:43:21 - Next wakeup is due at 2026-04-27 08:30:00+08:00 (in 2065598.452880 seconds)
2026-04-03 10:43:21 -  * Debugger is active!
2026-04-03 10:43:21 -  * Debugger PIN: 822-020-790
2026-04-03 10:44:13 -  * Detected change in 'H:\\xgcode\\flaskcms\\app.py', reloading
2026-04-03 10:44:13 -  * Restarting with stat
2026-04-03 10:44:14 - Added job "send_dingding_msg" to job store "default"
2026-04-03 10:44:14 - Scheduler started
2026-04-03 10:44:14 - Looking for jobs to run
2026-04-03 10:44:14 - Next wakeup is due at 2026-04-27 08:30:00+08:00 (in 2065545.569042 seconds)
2026-04-03 10:44:14 -  * Debugger is active!
2026-04-03 10:44:14 -  * Debugger PIN: 822-020-790
2026-04-03 10:44:42 -  * Detected change in 'H:\\xgcode\\flaskcms\\app.py', reloading
2026-04-03 10:44:42 -  * Restarting with stat
2026-04-03 10:44:43 - Added job "send_dingding_msg" to job store "default"
2026-04-03 10:44:43 - Scheduler started
2026-04-03 10:44:43 - Looking for jobs to run
2026-04-03 10:44:43 - Next wakeup is due at 2026-04-27 08:30:00+08:00 (in 2065516.873776 seconds)
2026-04-03 10:44:43 -  * Debugger is active!
2026-04-03 10:44:43 -  * Debugger PIN: 822-020-790
2026-04-03 10:44:44 -  * Detected change in 'H:\\xgcode\\flaskcms\\app.py', reloading
2026-04-03 10:44:44 -  * Restarting with stat
2026-04-03 10:44:44 - Added job "send_dingding_msg" to job store "default"
2026-04-03 10:44:44 - Scheduler started
2026-04-03 10:44:44 - Looking for jobs to run
2026-04-03 10:44:44 - Next wakeup is due at 2026-04-27 08:30:00+08:00 (in 2065515.360632 seconds)
2026-04-03 10:44:44 -  * Debugger is active!
2026-04-03 10:44:44 -  * Debugger PIN: 822-020-790
2026-04-03 10:45:20 -  * Detected change in 'H:\\xgcode\\flaskcms\\app.py', reloading
2026-04-03 10:45:20 -  * Restarting with stat
2026-04-03 10:45:21 - Added job "send_dingding_msg" to job store "default"
2026-04-03 10:45:21 - Scheduler started
2026-04-03 10:45:21 - Looking for jobs to run
2026-04-03 10:45:21 - Next wakeup is due at 2026-04-27 08:30:00+08:00 (in 2065478.605392 seconds)
2026-04-03 10:45:21 -  * Debugger is active!
2026-04-03 10:45:21 -  * Debugger PIN: 822-020-790
2026-04-03 10:45:28 -  * Detected change in 'H:\\xgcode\\flaskcms\\app.py', reloading
2026-04-03 10:45:28 -  * Restarting with stat
2026-04-03 10:45:28 - Added job "send_dingding_msg" to job store "default"
2026-04-03 10:45:28 - Scheduler started
2026-04-03 10:45:28 - Looking for jobs to run
2026-04-03 10:45:28 - Next wakeup is due at 2026-04-27 08:30:00+08:00 (in 2065471.039535 seconds)
2026-04-03 10:45:28 -  * Debugger is active!
2026-04-03 10:45:28 -  * Debugger PIN: 822-020-790
2026-04-03 10:45:33 -  * Detected change in 'H:\\xgcode\\flaskcms\\app.py', reloading
2026-04-03 10:45:33 -  * Restarting with stat
2026-04-03 10:45:33 - Added job "send_dingding_msg" to job store "default"
2026-04-03 10:45:33 - Scheduler started
2026-04-03 10:45:33 - Looking for jobs to run
2026-04-03 10:45:33 - Next wakeup is due at 2026-04-27 08:30:00+08:00 (in 2065466.460535 seconds)
2026-04-03 10:45:33 -  * Debugger is active!
2026-04-03 10:45:33 -  * Debugger PIN: 822-020-790
2026-04-03 10:45:48 -  * Detected change in 'H:\\xgcode\\flaskcms\\app.py', reloading
2026-04-03 10:45:48 -  * Restarting with stat
2026-04-03 10:45:49 - Added job "send_dingding_msg" to job store "default"
2026-04-03 10:45:49 - Scheduler started
2026-04-03 10:45:49 - Looking for jobs to run
2026-04-03 10:45:49 - Next wakeup is due at 2026-04-27 08:30:00+08:00 (in 2065450.844352 seconds)
2026-04-03 10:45:49 -  * Debugger is active!
2026-04-03 10:45:49 -  * Debugger PIN: 822-020-790
2026-04-03 10:46:10 -  * Detected change in 'H:\\xgcode\\flaskcms\\app.py', reloading
2026-04-03 10:46:10 -  * Restarting with stat
2026-04-03 10:46:10 - Added job "send_dingding_msg" to job store "default"
2026-04-03 10:46:10 - Scheduler started
2026-04-03 10:46:10 - Looking for jobs to run
2026-04-03 10:46:10 - Next wakeup is due at 2026-04-27 08:30:00+08:00 (in 2065429.184972 seconds)
2026-04-03 10:46:10 -  * Debugger is active!
2026-04-03 10:46:10 -  * Debugger PIN: 822-020-790
2026-04-03 10:46:20 -  * Detected change in 'H:\\xgcode\\flaskcms\\app.py', reloading
2026-04-03 10:46:20 -  * Restarting with stat
2026-04-03 10:46:21 - Added job "send_dingding_msg" to job store "default"
2026-04-03 10:46:21 - Scheduler started
2026-04-03 10:46:21 - Looking for jobs to run
2026-04-03 10:46:21 - Next wakeup is due at 2026-04-27 08:30:00+08:00 (in 2065418.565225 seconds)
2026-04-03 10:46:21 -  * Debugger is active!
2026-04-03 10:46:21 -  * Debugger PIN: 822-020-790
2026-04-03 10:46:22 -  * Detected change in 'H:\\xgcode\\flaskcms\\app.py', reloading
2026-04-03 10:46:22 -  * Restarting with stat
2026-04-03 10:46:22 - Added job "send_dingding_msg" to job store "default"
2026-04-03 10:46:22 - Scheduler started
2026-04-03 10:46:22 - Looking for jobs to run
2026-04-03 10:46:22 - Next wakeup is due at 2026-04-27 08:30:00+08:00 (in 2065417.020171 seconds)
2026-04-03 10:46:22 -  * Debugger is active!
2026-04-03 10:46:22 -  * Debugger PIN: 822-020-790
2026-04-03 10:47:17 -  * Detected change in 'H:\\xgcode\\flaskcms\\app.py', reloading
2026-04-03 10:47:17 -  * Restarting with stat
2026-04-03 10:47:17 - Added job "send_dingding_msg" to job store "default"
2026-04-03 10:47:17 - Scheduler started
2026-04-03 10:47:17 - Looking for jobs to run
2026-04-03 10:47:17 - Next wakeup is due at 2026-04-27 08:30:00+08:00 (in 2065362.161717 seconds)
2026-04-03 10:47:17 -  * Debugger is active!
2026-04-03 10:47:17 -  * Debugger PIN: 822-020-790
2026-04-03 10:47:25 - 127.0.0.1 - - [03/Apr/2026 10:47:25] "GET / HTTP/1.1" 200 -
2026-04-03 10:47:28 - 127.0.0.1 - - [03/Apr/2026 10:47:28] "GET / HTTP/1.1" 200 -
2026-04-03 10:47:31 - 127.0.0.1 - - [03/Apr/2026 10:47:31] "GET /edit/4 HTTP/1.1" 200 -
2026-04-03 10:49:36 - 127.0.0.1 - - [03/Apr/2026 10:49:36] "GET /edit/1 HTTP/1.1" 200 -
2026-04-03 10:50:28 -  * Detected change in 'H:\\xgcode\\flaskcms\\app.py', reloading
2026-04-03 10:50:29 -  * Restarting with stat
2026-04-03 10:50:29 - Added job "send_dingding_msg" to job store "default"
2026-04-03 10:50:29 - Scheduler started
2026-04-03 10:50:29 - Looking for jobs to run
2026-04-03 10:50:29 - Next wakeup is due at 2026-04-27 08:30:00+08:00 (in 2065170.517781 seconds)
2026-04-03 10:50:29 -  * Debugger is active!
2026-04-03 10:50:29 -  * Debugger PIN: 822-020-790
2026-04-03 10:51:06 -  * Detected change in 'H:\\xgcode\\flaskcms\\app.py', reloading
2026-04-03 10:51:06 -  * Restarting with stat
2026-04-03 10:51:07 - Added job "send_dingding_msg" to job store "default"
2026-04-03 10:51:07 - Scheduler started
2026-04-03 10:51:07 - Looking for jobs to run
2026-04-03 10:51:07 - Next wakeup is due at 2026-04-27 08:30:00+08:00 (in 2065132.776555 seconds)
2026-04-03 10:51:07 -  * Debugger is active!
2026-04-03 10:51:07 -  * Debugger PIN: 822-020-790
2026-04-03 10:51:29 -  * Detected change in 'H:\\xgcode\\flaskcms\\app.py', reloading
2026-04-03 10:51:29 -  * Restarting with stat
2026-04-03 10:51:29 - Added job "send_dingding_msg" to job store "default"
2026-04-03 10:51:29 - Scheduler started
2026-04-03 10:51:29 - Looking for jobs to run
2026-04-03 10:51:29 - Next wakeup is due at 2026-04-27 08:30:00+08:00 (in 2065110.096248 seconds)
2026-04-03 10:51:29 -  * Debugger is active!
2026-04-03 10:51:29 -  * Debugger PIN: 822-020-790
2026-04-03 10:51:38 -  * Detected change in 'H:\\xgcode\\flaskcms\\app.py', reloading
2026-04-03 10:51:39 -  * Restarting with stat
2026-04-03 10:51:39 - Added job "send_dingding_msg" to job store "default"
2026-04-03 10:51:39 - Scheduler started
2026-04-03 10:51:39 - Looking for jobs to run
2026-04-03 10:51:39 - Next wakeup is due at 2026-04-27 08:30:00+08:00 (in 2065100.516014 seconds)
2026-04-03 10:51:39 -  * Debugger is active!
2026-04-03 10:51:39 -  * Debugger PIN: 822-020-790
2026-04-03 10:51:42 -  * Detected change in 'H:\\xgcode\\flaskcms\\app.py', reloading
2026-04-03 10:51:42 -  * Restarting with stat
2026-04-03 10:51:43 - Added job "send_dingding_msg" to job store "default"
2026-04-03 10:51:43 - Scheduler started
2026-04-03 10:51:43 - Looking for jobs to run
2026-04-03 10:51:43 - Next wakeup is due at 2026-04-27 08:30:00+08:00 (in 2065096.980725 seconds)
2026-04-03 10:51:43 -  * Debugger is active!
2026-04-03 10:51:43 -  * Debugger PIN: 822-020-790
2026-04-03 10:52:19 -  * Detected change in 'H:\\xgcode\\flaskcms\\app.py', reloading
2026-04-03 10:52:19 -  * Restarting with stat
2026-04-03 10:52:19 - Added job "send_dingding_msg" to job store "default"
2026-04-03 10:52:19 - Scheduler started
2026-04-03 10:52:19 - Looking for jobs to run
2026-04-03 10:52:19 - Next wakeup is due at 2026-04-27 08:30:00+08:00 (in 2065060.207935 seconds)
2026-04-03 10:52:19 -  * Debugger is active!
2026-04-03 10:52:19 -  * Debugger PIN: 822-020-790
2026-04-03 10:53:21 -  * Detected change in 'H:\\xgcode\\flaskcms\\app.py', reloading
2026-04-03 10:53:21 -  * Restarting with stat
2026-04-03 10:53:21 - Added job "send_dingding_msg" to job store "default"
2026-04-03 10:53:21 - Scheduler started
2026-04-03 10:53:21 - Looking for jobs to run
2026-04-03 10:53:21 - Next wakeup is due at 2026-04-27 08:30:00+08:00 (in 2064998.292662 seconds)
2026-04-03 10:53:21 -  * Debugger is active!
2026-04-03 10:53:21 -  * Debugger PIN: 822-020-790
2026-04-03 10:53:23 -  * Detected change in 'H:\\xgcode\\flaskcms\\app.py', reloading
2026-04-03 10:53:23 -  * Restarting with stat
2026-04-03 10:53:24 - Added job "send_dingding_msg" to job store "default"
2026-04-03 10:53:24 - Scheduler started
2026-04-03 10:53:24 - Looking for jobs to run
2026-04-03 10:53:24 - Next wakeup is due at 2026-04-27 08:30:00+08:00 (in 2064995.763013 seconds)
2026-04-03 10:53:24 -  * Debugger is active!
2026-04-03 10:53:24 -  * Debugger PIN: 822-020-790
2026-04-03 10:53:29 - 127.0.0.1 - - [03/Apr/2026 10:53:29] "GET / HTTP/1.1" 200 -
2026-04-03 10:53:31 - 127.0.0.1 - - [03/Apr/2026 10:53:31] "GET / HTTP/1.1" 200 -
2026-04-03 10:53:33 - 127.0.0.1 - - [03/Apr/2026 10:53:33] "GET /input_msg HTTP/1.1" 200 -
2026-04-03 10:53:54 - 127.0.0.1 - - [03/Apr/2026 10:53:54] "GET / HTTP/1.1" 200 -
2026-04-03 10:53:57 - 127.0.0.1 - - [03/Apr/2026 10:53:57] "GET /edit/4 HTTP/1.1" 200 -
2026-04-03 10:54:05 - 127.0.0.1 - - [03/Apr/2026 10:54:05] "[35m[1mPOST /update/4 HTTP/1.1[0m" 500 -
2026-04-03 10:54:06 - 127.0.0.1 - - [03/Apr/2026 10:54:06] "GET /update/4?__debugger__=yes&cmd=resource&f=style.css HTTP/1.1" 200 -
2026-04-03 10:54:06 - 127.0.0.1 - - [03/Apr/2026 10:54:06] "GET /update/4?__debugger__=yes&cmd=resource&f=debugger.js HTTP/1.1" 200 -
2026-04-03 10:54:06 - 127.0.0.1 - - [03/Apr/2026 10:54:06] "GET /update/4?__debugger__=yes&cmd=resource&f=console.png&s=KzuiQRbGAhd2wU6epwMt HTTP/1.1" 200 -
2026-04-03 10:54:06 - 127.0.0.1 - - [03/Apr/2026 10:54:06] "GET /update/4?__debugger__=yes&cmd=resource&f=console.png HTTP/1.1" 200 -
2026-04-03 10:54:46 -  * Detected change in 'H:\\xgcode\\flaskcms\\app.py', reloading
2026-04-03 10:54:46 -  * Restarting with stat
2026-04-03 10:54:47 - Added job "send_dingding_msg" to job store "default"
2026-04-03 10:54:47 - Scheduler started
2026-04-03 10:54:47 - Looking for jobs to run
2026-04-03 10:54:47 - Next wakeup is due at 2026-04-27 08:30:00+08:00 (in 2064912.738207 seconds)
2026-04-03 10:54:47 -  * Debugger is active!
2026-04-03 10:54:47 -  * Debugger PIN: 822-020-790
2026-04-03 10:54:50 -  * Detected change in 'H:\\xgcode\\flaskcms\\app.py', reloading
2026-04-03 10:54:50 -  * Restarting with stat
2026-04-03 10:54:50 - Added job "send_dingding_msg" to job store "default"
2026-04-03 10:54:50 - Scheduler started
2026-04-03 10:54:50 - Looking for jobs to run
2026-04-03 10:54:50 - Next wakeup is due at 2026-04-27 08:30:00+08:00 (in 2064909.124997 seconds)
2026-04-03 10:54:50 -  * Debugger is active!
2026-04-03 10:54:50 -  * Debugger PIN: 822-020-790
2026-04-03 10:54:52 -  * Detected change in 'H:\\xgcode\\flaskcms\\app.py', reloading
2026-04-03 10:54:52 -  * Restarting with stat
2026-04-03 10:54:53 - Added job "send_dingding_msg" to job store "default"
2026-04-03 10:54:53 - Scheduler started
2026-04-03 10:54:53 - Looking for jobs to run
2026-04-03 10:54:53 - Next wakeup is due at 2026-04-27 08:30:00+08:00 (in 2064906.575075 seconds)
2026-04-03 10:54:53 -  * Debugger is active!
2026-04-03 10:54:53 -  * Debugger PIN: 822-020-790
2026-04-03 10:55:00 -  * Detected change in 'H:\\xgcode\\flaskcms\\app.py', reloading
2026-04-03 10:55:00 -  * Restarting with stat
2026-04-03 10:55:01 - Added job "send_dingding_msg" to job store "default"
2026-04-03 10:55:01 - Scheduler started
2026-04-03 10:55:01 - Looking for jobs to run
2026-04-03 10:55:01 - Next wakeup is due at 2026-04-27 08:30:00+08:00 (in 2064898.864223 seconds)
2026-04-03 10:55:01 -  * Debugger is active!
2026-04-03 10:55:01 -  * Debugger PIN: 822-020-790
2026-04-03 10:55:08 -  * Detected change in 'H:\\xgcode\\flaskcms\\app.py', reloading
2026-04-03 10:55:08 -  * Restarting with stat
2026-04-03 10:55:08 - Added job "send_dingding_msg" to job store "default"
2026-04-03 10:55:08 - Scheduler started
2026-04-03 10:55:08 - Looking for jobs to run
2026-04-03 10:55:08 - Next wakeup is due at 2026-04-27 08:30:00+08:00 (in 2064891.240382 seconds)
2026-04-03 10:55:08 -  * Debugger is active!
2026-04-03 10:55:08 -  * Debugger PIN: 822-020-790
2026-04-03 10:55:29 -  * Detected change in 'H:\\xgcode\\flaskcms\\app.py', reloading
2026-04-03 10:55:29 -  * Restarting with stat
2026-04-03 10:55:30 - Added job "send_dingding_msg" to job store "default"
2026-04-03 10:55:30 - Scheduler started
2026-04-03 10:55:30 - Looking for jobs to run
2026-04-03 10:55:30 - Next wakeup is due at 2026-04-27 08:30:00+08:00 (in 2064869.580301 seconds)
2026-04-03 10:55:30 -  * Debugger is active!
2026-04-03 10:55:30 -  * Debugger PIN: 822-020-790
2026-04-03 10:55:31 -  * Detected change in 'H:\\xgcode\\flaskcms\\app.py', reloading
2026-04-03 10:55:31 -  * Restarting with stat
2026-04-03 10:55:31 - Added job "send_dingding_msg" to job store "default"
2026-04-03 10:55:31 - Scheduler started
2026-04-03 10:55:31 - Looking for jobs to run
2026-04-03 10:55:31 - Next wakeup is due at 2026-04-27 08:30:00+08:00 (in 2064868.051469 seconds)
2026-04-03 10:55:31 -  * Debugger is active!
2026-04-03 10:55:31 -  * Debugger PIN: 822-020-790
2026-04-03 10:55:34 -  * Detected change in 'H:\\xgcode\\flaskcms\\app.py', reloading
2026-04-03 10:55:35 -  * Restarting with stat
2026-04-03 10:55:35 - Added job "send_dingding_msg" to job store "default"
2026-04-03 10:55:35 - Scheduler started
2026-04-03 10:55:35 - Looking for jobs to run
2026-04-03 10:55:35 - Next wakeup is due at 2026-04-27 08:30:00+08:00 (in 2064864.505333 seconds)
2026-04-03 10:55:35 -  * Debugger is active!
2026-04-03 10:55:35 -  * Debugger PIN: 822-020-790
2026-04-03 10:55:39 - 127.0.0.1 - - [03/Apr/2026 10:55:39] "[32mPOST /update/4 HTTP/1.1[0m" 302 -
2026-04-03 10:55:39 - 127.0.0.1 - - [03/Apr/2026 10:55:39] "GET / HTTP/1.1" 200 -
2026-04-03 10:55:42 - 127.0.0.1 - - [03/Apr/2026 10:55:42] "GET / HTTP/1.1" 200 -
2026-04-03 10:56:10 -  * Detected change in 'H:\\xgcode\\flaskcms\\app.py', reloading
2026-04-03 10:56:10 -  * Restarting with stat
2026-04-03 10:56:11 - Added job "send_dingding_msg" to job store "default"
2026-04-03 10:56:11 - Scheduler started
2026-04-03 10:56:11 - Looking for jobs to run
2026-04-03 10:56:11 - Next wakeup is due at 2026-04-27 08:30:00+08:00 (in 2064828.778339 seconds)
2026-04-03 10:56:11 -  * Debugger is active!
2026-04-03 10:56:11 -  * Debugger PIN: 822-020-790
2026-04-03 10:56:14 -  * Detected change in 'H:\\xgcode\\flaskcms\\app.py', reloading
2026-04-03 10:56:14 -  * Restarting with stat
2026-04-03 10:56:14 - Added job "send_dingding_msg" to job store "default"
2026-04-03 10:56:14 - Scheduler started
2026-04-03 10:56:14 - Looking for jobs to run
2026-04-03 10:56:14 - Next wakeup is due at 2026-04-27 08:30:00+08:00 (in 2064825.227988 seconds)
2026-04-03 10:56:14 -  * Debugger is active!
2026-04-03 10:56:14 -  * Debugger PIN: 822-020-790
2026-04-03 10:56:15 -  * Detected change in 'H:\\xgcode\\flaskcms\\app.py', reloading
2026-04-03 10:56:15 -  * Restarting with stat
2026-04-03 10:56:16 - Added job "send_dingding_msg" to job store "default"
2026-04-03 10:56:16 - Scheduler started
2026-04-03 10:56:16 - Looking for jobs to run
2026-04-03 10:56:16 - Next wakeup is due at 2026-04-27 08:30:00+08:00 (in 2064823.686278 seconds)
2026-04-03 10:56:16 -  * Debugger is active!
2026-04-03 10:56:16 -  * Debugger PIN: 822-020-790
2026-04-03 10:56:34 -  * Detected change in 'H:\\xgcode\\flaskcms\\app.py', reloading
2026-04-03 10:56:34 -  * Restarting with stat
2026-04-03 10:56:34 - Added job "send_dingding_msg" to job store "default"
2026-04-03 10:56:34 - Scheduler started
2026-04-03 10:56:34 - Looking for jobs to run
2026-04-03 10:56:34 - Next wakeup is due at 2026-04-27 08:30:00+08:00 (in 2064805.015522 seconds)
2026-04-03 10:56:34 -  * Debugger is active!
2026-04-03 10:56:34 -  * Debugger PIN: 822-020-790
2026-04-03 10:56:36 -  * Detected change in 'H:\\xgcode\\flaskcms\\app.py', reloading
2026-04-03 10:56:36 -  * Restarting with stat
2026-04-03 10:56:36 - Added job "send_dingding_msg" to job store "default"
2026-04-03 10:56:36 - Scheduler started
2026-04-03 10:56:36 - Looking for jobs to run
2026-04-03 10:56:36 - Next wakeup is due at 2026-04-27 08:30:00+08:00 (in 2064803.464364 seconds)
2026-04-03 10:56:36 -  * Debugger is active!
2026-04-03 10:56:36 -  * Debugger PIN: 822-020-790
2026-04-03 10:56:37 - 127.0.0.1 - - [03/Apr/2026 10:56:37] "GET / HTTP/1.1" 200 -
2026-04-03 10:56:45 - 127.0.0.1 - - [03/Apr/2026 10:56:45] "GET /edit/3 HTTP/1.1" 200 -
2026-04-03 10:56:49 - 127.0.0.1 - - [03/Apr/2026 10:56:49] "GET /edit/3 HTTP/1.1" 200 -
2026-04-03 10:56:51 - 127.0.0.1 - - [03/Apr/2026 10:56:51] "[32mPOST /update/3 HTTP/1.1[0m" 302 -
2026-04-03 10:56:51 - 127.0.0.1 - - [03/Apr/2026 10:56:51] "GET / HTTP/1.1" 200 -
2026-04-03 10:59:19 -  * Detected change in 'H:\\xgcode\\flaskcms\\app.py', reloading
2026-04-03 10:59:19 -  * Restarting with stat
2026-04-03 10:59:19 - Added job "send_dingding_msg" to job store "default"
2026-04-03 10:59:19 - Scheduler started
2026-04-03 10:59:19 - Looking for jobs to run
2026-04-03 10:59:19 - Next wakeup is due at 2026-04-27 08:30:00+08:00 (in 2064640.005359 seconds)
2026-04-03 10:59:20 -  * Debugger is active!
2026-04-03 10:59:20 -  * Debugger PIN: 822-020-790
2026-04-03 10:59:21 -  * Detected change in 'H:\\xgcode\\flaskcms\\app.py', reloading
2026-04-03 10:59:21 -  * Restarting with stat
2026-04-03 10:59:21 - Added job "send_dingding_msg" to job store "default"
2026-04-03 10:59:21 - Scheduler started
2026-04-03 10:59:21 - Looking for jobs to run
2026-04-03 10:59:21 - Next wakeup is due at 2026-04-27 08:30:00+08:00 (in 2064638.427258 seconds)
2026-04-03 10:59:21 -  * Debugger is active!
2026-04-03 10:59:21 -  * Debugger PIN: 822-020-790
2026-04-03 10:59:22 -  * Detected change in 'H:\\xgcode\\flaskcms\\app.py', reloading
2026-04-03 10:59:22 -  * Restarting with stat
2026-04-03 10:59:23 - Added job "send_dingding_msg" to job store "default"
2026-04-03 10:59:23 - Scheduler started
2026-04-03 10:59:23 - Looking for jobs to run
2026-04-03 10:59:23 - Next wakeup is due at 2026-04-27 08:30:00+08:00 (in 2064636.893309 seconds)
2026-04-03 10:59:23 -  * Debugger is active!
2026-04-03 10:59:23 -  * Debugger PIN: 822-020-790
2026-04-03 10:59:27 -  * Detected change in 'H:\\xgcode\\flaskcms\\app.py', reloading
2026-04-03 10:59:27 -  * Restarting with stat
2026-04-03 10:59:27 - Added job "send_dingding_msg" to job store "default"
2026-04-03 10:59:27 - Scheduler started
2026-04-03 10:59:27 - Looking for jobs to run
2026-04-03 10:59:27 - Next wakeup is due at 2026-04-27 08:30:00+08:00 (in 2064632.350669 seconds)
2026-04-03 10:59:27 -  * Debugger is active!
2026-04-03 10:59:27 -  * Debugger PIN: 822-020-790
2026-04-03 10:59:30 -  * Detected change in 'H:\\xgcode\\flaskcms\\app.py', reloading
2026-04-03 10:59:30 -  * Restarting with stat
2026-04-03 10:59:31 - Added job "send_dingding_msg" to job store "default"
2026-04-03 10:59:31 - Scheduler started
2026-04-03 10:59:31 - Looking for jobs to run
2026-04-03 10:59:31 - Next wakeup is due at 2026-04-27 08:30:00+08:00 (in 2064628.814886 seconds)
2026-04-03 10:59:31 -  * Debugger is active!
2026-04-03 10:59:31 -  * Debugger PIN: 822-020-790
2026-04-03 10:59:32 - 127.0.0.1 - - [03/Apr/2026 10:59:32] "GET / HTTP/1.1" 200 -
2026-04-03 10:59:38 -  * Detected change in 'H:\\xgcode\\flaskcms\\app.py', reloading
2026-04-03 10:59:38 -  * Restarting with stat
2026-04-03 10:59:38 - Added job "send_dingding_msg" to job store "default"
2026-04-03 10:59:38 - Scheduler started
2026-04-03 10:59:38 - Looking for jobs to run
2026-04-03 10:59:38 - Next wakeup is due at 2026-04-27 08:30:00+08:00 (in 2064621.236231 seconds)
2026-04-03 10:59:38 -  * Debugger is active!
2026-04-03 10:59:38 -  * Debugger PIN: 822-020-790
2026-04-03 10:59:40 - 127.0.0.1 - - [03/Apr/2026 10:59:40] "GET / HTTP/1.1" 200 -
2026-04-09 14:10:02 - Added job "send_dingding_msg" to job store "default"
2026-04-09 14:10:02 - Scheduler started
2026-04-09 14:10:02 - Looking for jobs to run
2026-04-09 14:10:02 - Next wakeup is due at 2026-04-27 08:30:00+08:00 (in 1534797.951831 seconds)
2026-04-09 14:10:03 - [31m[1mWARNING: This is a development server. Do not use it in a production deployment. Use a production WSGI server instead.[0m
 * Running on all addresses (0.0.0.0)
 * Running on http://127.0.0.1:5000
 * Running on http://10.101.120.207:5000
2026-04-09 14:10:03 - [33mPress CTRL+C to quit[0m
2026-04-09 14:10:03 -  * Restarting with stat
2026-04-09 14:10:03 - Added job "send_dingding_msg" to job store "default"
2026-04-09 14:10:03 - Scheduler started
2026-04-09 14:10:03 - Looking for jobs to run
2026-04-09 14:10:03 - Next wakeup is due at 2026-04-27 08:30:00+08:00 (in 1534796.133182 seconds)
2026-04-09 14:10:03 -  * Debugger is active!
2026-04-09 14:10:03 -  * Debugger PIN: 822-020-790
2026-04-09 14:10:18 - 127.0.0.1 - - [09/Apr/2026 14:10:18] "GET / HTTP/1.1" 200 -
2026-04-09 14:10:18 - 127.0.0.1 - - [09/Apr/2026 14:10:18] "[33mGET /favicon.ico HTTP/1.1[0m" 404 -
2026-04-13 08:53:57 - Added job "send_dingding_msg" to job store "default"
2026-04-13 08:53:57 - Scheduler started
2026-04-13 08:53:57 - Looking for jobs to run
2026-04-13 08:53:57 - Next wakeup is due at 2026-04-27 08:30:00+08:00 (in 1208162.039705 seconds)
2026-04-13 08:53:59 - [31m[1mWARNING: This is a development server. Do not use it in a production deployment. Use a production WSGI server instead.[0m
 * Running on all addresses (0.0.0.0)
 * Running on http://127.0.0.1:5000
 * Running on http://10.101.120.207:5000
2026-04-13 08:53:59 - [33mPress CTRL+C to quit[0m
2026-04-13 08:53:59 -  * Restarting with stat
2026-04-13 08:53:59 - Added job "send_dingding_msg" to job store "default"
2026-04-13 08:53:59 - Scheduler started
2026-04-13 08:53:59 - Looking for jobs to run
2026-04-13 08:53:59 - Next wakeup is due at 2026-04-27 08:30:00+08:00 (in 1208160.299400 seconds)
2026-04-13 08:53:59 -  * Debugger is active!
2026-04-13 08:53:59 -  * Debugger PIN: 822-020-790
2026-04-13 08:57:08 - 127.0.0.1 - - [13/Apr/2026 08:57:08] "GET / HTTP/1.1" 200 -
2026-04-13 09:00:18 - 127.0.0.1 - - [13/Apr/2026 09:00:18] "GET / HTTP/1.1" 200 -
2026-04-13 09:01:29 -  * Detected change in 'H:\\xgcode\\flaskcms\\app.py', reloading
2026-04-13 09:01:29 -  * Restarting with stat
2026-04-13 09:01:30 - Added job "send_dingding_msg" to job store "default"
2026-04-13 09:01:30 - Scheduler started
2026-04-13 09:01:30 - Looking for jobs to run
2026-04-13 09:01:30 - Next wakeup is due at 2026-04-27 08:30:00+08:00 (in 1207709.887769 seconds)
2026-04-13 09:01:30 -  * Debugger is active!
2026-04-13 09:01:30 -  * Debugger PIN: 822-020-790
2026-04-13 09:01:36 -  * Detected change in 'H:\\xgcode\\flaskcms\\app.py', reloading
2026-04-13 09:01:36 -  * Restarting with stat
2026-04-13 09:01:36 - Added job "send_dingding_msg" to job store "default"
2026-04-13 09:01:36 - Scheduler started
2026-04-13 09:01:36 - Looking for jobs to run
2026-04-13 09:01:36 - Next wakeup is due at 2026-04-27 08:30:00+08:00 (in 1207703.219208 seconds)
2026-04-13 09:01:36 -  * Debugger is active!
2026-04-13 09:01:36 -  * Debugger PIN: 822-020-790
2026-04-13 09:02:50 -  * Detected change in 'H:\\xgcode\\flaskcms\\app.py', reloading
2026-04-13 09:02:50 -  * Restarting with stat
2026-04-13 09:02:50 - Added job "send_dingding_msg" to job store "default"
2026-04-13 09:02:50 - Scheduler started
2026-04-13 09:02:50 - Looking for jobs to run
2026-04-13 09:02:50 - Next wakeup is due at 2026-04-27 08:30:00+08:00 (in 1207629.211040 seconds)
2026-04-13 09:02:50 -  * Debugger is active!
2026-04-13 09:02:50 -  * Debugger PIN: 822-020-790
2026-04-13 09:02:52 -  * Detected change in 'H:\\xgcode\\flaskcms\\app.py', reloading
2026-04-13 09:02:52 -  * Restarting with stat
2026-04-13 09:05:26 - Added job "send_dingding_msg" to job store "default"
2026-04-13 09:05:26 - Scheduler started
2026-04-13 09:05:26 - Looking for jobs to run
2026-04-13 09:05:26 - Next wakeup is due at 2026-04-27 08:30:00+08:00 (in 1207473.286043 seconds)
2026-04-13 09:05:27 - [31m[1mWARNING: This is a development server. Do not use it in a production deployment. Use a production WSGI server instead.[0m
 * Running on all addresses (0.0.0.0)
 * Running on http://127.0.0.1:5000
 * Running on http://10.101.120.207:5000
2026-04-13 09:05:27 - [33mPress CTRL+C to quit[0m
2026-04-13 09:05:27 -  * Restarting with stat
2026-04-13 09:05:28 - Added job "send_dingding_msg" to job store "default"
2026-04-13 09:05:28 - Scheduler started
2026-04-13 09:05:28 - Looking for jobs to run
2026-04-13 09:05:28 - Next wakeup is due at 2026-04-27 08:30:00+08:00 (in 1207471.561264 seconds)
2026-04-13 09:05:28 -  * Debugger is active!
2026-04-13 09:05:28 -  * Debugger PIN: 822-020-790
2026-04-13 09:06:27 - 127.0.0.1 - - [13/Apr/2026 09:06:27] "GET / HTTP/1.1" 200 -
2026-04-13 09:06:29 - 127.0.0.1 - - [13/Apr/2026 09:06:29] "GET /input_msg HTTP/1.1" 200 -
2026-04-13 09:06:46 - 127.0.0.1 - - [13/Apr/2026 09:06:46] "GET / HTTP/1.1" 200 -
